<?xml version="1.0" encoding="UTF-8"?>
<testng-results ignored="0" total="2" passed="2" failed="0" skipped="0">
  <reporter-output>
  </reporter-output>
  <suite started-at="2022-10-07T14:16:17 IST" name="Default suite" finished-at="2022-10-07T14:17:07 IST" duration-ms="50117">
    <groups>
    </groups>
    <test started-at="2022-10-07T14:16:17 IST" name="Default test" finished-at="2022-10-07T14:17:07 IST" duration-ms="50117">
      <class name="com.registration.Main.RegistrationMain">
        <test-method is-config="true" signature="beforeMethod()[pri:0, instance:com.registration.Main.RegistrationMain@581ac8a8]" started-at="2022-10-07T14:16:17 IST" name="beforeMethod" finished-at="2022-10-07T14:16:25 IST" duration-ms="8207" status="PASS">
          <reporter-output>
          </reporter-output>
        </test-method> <!-- beforeMethod -->
        <test-method signature="usertest1()[pri:0, instance:com.registration.Main.RegistrationMain@581ac8a8]" started-at="2022-10-07T14:16:25 IST" name="usertest1" finished-at="2022-10-07T14:16:32 IST" duration-ms="6964" status="PASS">
          <reporter-output>
          </reporter-output>
        </test-method> <!-- usertest1 -->
        <test-method is-config="true" signature="afterMethod()[pri:0, instance:com.registration.Main.RegistrationMain@581ac8a8]" started-at="2022-10-07T14:16:32 IST" name="afterMethod" finished-at="2022-10-07T14:16:43 IST" duration-ms="10198" status="PASS">
          <reporter-output>
          </reporter-output>
        </test-method> <!-- afterMethod -->
        <test-method is-config="true" signature="beforeMethod()[pri:0, instance:com.registration.Main.RegistrationMain@581ac8a8]" started-at="2022-10-07T14:16:43 IST" name="beforeMethod" finished-at="2022-10-07T14:16:49 IST" duration-ms="6221" status="PASS">
          <reporter-output>
          </reporter-output>
        </test-method> <!-- beforeMethod -->
        <test-method signature="usertest2()[pri:0, instance:com.registration.Main.RegistrationMain@581ac8a8]" started-at="2022-10-07T14:16:49 IST" name="usertest2" finished-at="2022-10-07T14:16:57 IST" duration-ms="8305" status="PASS">
          <reporter-output>
          </reporter-output>
        </test-method> <!-- usertest2 -->
        <test-method is-config="true" signature="afterMethod()[pri:0, instance:com.registration.Main.RegistrationMain@581ac8a8]" started-at="2022-10-07T14:16:57 IST" name="afterMethod" finished-at="2022-10-07T14:17:07 IST" duration-ms="10191" status="PASS">
          <reporter-output>
          </reporter-output>
        </test-method> <!-- afterMethod -->
      </class> <!-- com.registration.Main.RegistrationMain -->
    </test> <!-- Default test -->
  </suite> <!-- Default suite -->
</testng-results>
