<?xml version="1.0" encoding="UTF-8"?>
<testng-results ignored="0" total="3" passed="3" failed="0" skipped="0">
  <reporter-output>
  </reporter-output>
  <suite started-at="2022-10-12T13:50:39 IST" name="Default suite" finished-at="2022-10-12T13:51:36 IST" duration-ms="56531">
    <groups>
    </groups>
    <test started-at="2022-10-12T13:50:39 IST" name="Default test" finished-at="2022-10-12T13:51:36 IST" duration-ms="56531">
      <class name="com.registration.Main.RegistrationMain">
        <test-method is-config="true" signature="beforeMethod()[pri:0, instance:com.registration.Main.RegistrationMain@7e5afaa6]" started-at="2022-10-12T13:50:39 IST" name="beforeMethod" finished-at="2022-10-12T13:50:41 IST" duration-ms="1552" status="PASS">
          <reporter-output>
          </reporter-output>
        </test-method> <!-- beforeMethod -->
        <test-method signature="usertest1(java.lang.String, java.lang.String, java.lang.String, java.lang.String, java.lang.String, java.lang.String, java.lang.String, java.lang.String, java.lang.String, java.lang.String, java.lang.String, java.lang.String)[pri:0, instance:com.registration.Main.RegistrationMain@7e5afaa6]" started-at="2022-10-12T13:50:41 IST" name="usertest1" data-provider="getdata" finished-at="2022-10-12T13:51:00 IST" duration-ms="19098" status="PASS">
          <params>
            <param index="0">
              <value>
                <![CDATA[rajat]]>
              </value>
            </param>
            <param index="1">
              <value>
                <![CDATA[shukla]]>
              </value>
            </param>
            <param index="2">
              <value>
                <![CDATA[Male]]>
              </value>
            </param>
            <param index="3">
              <value>
                <![CDATA[1/1155 m vishal khand]]>
              </value>
            </param>
            <param index="4">
              <value>
                <![CDATA[Gomti nagar]]>
              </value>
            </param>
            <param index="5">
              <value>
                <![CDATA[1155M]]>
              </value>
            </param>
            <param index="6">
              <value>
                <![CDATA[Lucknow]]>
              </value>
            </param>
            <param index="7">
              <value>
                <![CDATA[India]]>
              </value>
            </param>
            <param index="8">
              <value>
                <![CDATA[Rajat.shukla2122@gmail.com]]>
              </value>
            </param>
            <param index="9">
              <value>
                <![CDATA[10/12/2022]]>
              </value>
            </param>
            <param index="10">
              <value>
                <![CDATA[9999999999]]>
              </value>
            </param>
            <param index="11">
              <value>
                <![CDATA[99]]>
              </value>
            </param>
          </params>
          <reporter-output>
          </reporter-output>
        </test-method> <!-- usertest1 -->
        <test-method signature="usertest1(java.lang.String, java.lang.String, java.lang.String, java.lang.String, java.lang.String, java.lang.String, java.lang.String, java.lang.String, java.lang.String, java.lang.String, java.lang.String, java.lang.String)[pri:0, instance:com.registration.Main.RegistrationMain@7e5afaa6]" started-at="2022-10-12T13:51:00 IST" name="usertest1" data-provider="getdata" finished-at="2022-10-12T13:51:18 IST" duration-ms="17644" status="PASS">
          <params>
            <param index="0">
              <value>
                <![CDATA[rahul]]>
              </value>
            </param>
            <param index="1">
              <value>
                <![CDATA[shukla]]>
              </value>
            </param>
            <param index="2">
              <value>
                <![CDATA[Male]]>
              </value>
            </param>
            <param index="3">
              <value>
                <![CDATA[1/2244 V vikas khand]]>
              </value>
            </param>
            <param index="4">
              <value>
                <![CDATA[Gomti nagar]]>
              </value>
            </param>
            <param index="5">
              <value>
                <![CDATA[2244V]]>
              </value>
            </param>
            <param index="6">
              <value>
                <![CDATA[Lucknow]]>
              </value>
            </param>
            <param index="7">
              <value>
                <![CDATA[India]]>
              </value>
            </param>
            <param index="8">
              <value>
                <![CDATA[rahul.shukla2122@gmail.com]]>
              </value>
            </param>
            <param index="9">
              <value>
                <![CDATA[10/12/2022]]>
              </value>
            </param>
            <param index="10">
              <value>
                <![CDATA[9898989898]]>
              </value>
            </param>
            <param index="11">
              <value>
                <![CDATA[99]]>
              </value>
            </param>
          </params>
          <reporter-output>
          </reporter-output>
        </test-method> <!-- usertest1 -->
        <test-method signature="usertest1(java.lang.String, java.lang.String, java.lang.String, java.lang.String, java.lang.String, java.lang.String, java.lang.String, java.lang.String, java.lang.String, java.lang.String, java.lang.String, java.lang.String)[pri:0, instance:com.registration.Main.RegistrationMain@7e5afaa6]" started-at="2022-10-12T13:51:18 IST" name="usertest1" data-provider="getdata" finished-at="2022-10-12T13:51:33 IST" duration-ms="14964" status="PASS">
          <params>
            <param index="0">
              <value>
                <![CDATA[Seema]]>
              </value>
            </param>
            <param index="1">
              <value>
                <![CDATA[singh]]>
              </value>
            </param>
            <param index="2">
              <value>
                <![CDATA[Female]]>
              </value>
            </param>
            <param index="3">
              <value>
                <![CDATA[2/2233 K vikrant khand]]>
              </value>
            </param>
            <param index="4">
              <value>
                <![CDATA[Gomti nagar]]>
              </value>
            </param>
            <param index="5">
              <value>
                <![CDATA[2233M]]>
              </value>
            </param>
            <param index="6">
              <value>
                <![CDATA[Lucknow]]>
              </value>
            </param>
            <param index="7">
              <value>
                <![CDATA[India]]>
              </value>
            </param>
            <param index="8">
              <value>
                <![CDATA[seeema.singh2122@gmail.com]]>
              </value>
            </param>
            <param index="9">
              <value>
                <![CDATA[10/12/2022]]>
              </value>
            </param>
            <param index="10">
              <value>
                <![CDATA[7865432311]]>
              </value>
            </param>
            <param index="11">
              <value>
                <![CDATA[99]]>
              </value>
            </param>
          </params>
          <reporter-output>
          </reporter-output>
        </test-method> <!-- usertest1 -->
        <test-method is-config="true" signature="afterMethod()[pri:0, instance:com.registration.Main.RegistrationMain@7e5afaa6]" started-at="2022-10-12T13:51:33 IST" name="afterMethod" finished-at="2022-10-12T13:51:36 IST" duration-ms="3247" status="PASS">
          <reporter-output>
          </reporter-output>
        </test-method> <!-- afterMethod -->
      </class> <!-- com.registration.Main.RegistrationMain -->
    </test> <!-- Default test -->
  </suite> <!-- Default suite -->
</testng-results>
