<?xml version="1.0" encoding="UTF-8"?>
<!-- Generated by org.testng.reporters.JUnitXMLReporter -->
<testsuite ignored="0" hostname="DESKTOP-NNVPRS8" failures="0" tests="3" name="Default test" time="56.531" errors="0" timestamp="2022-10-12T13:51:36 IST">
  <testcase classname="com.registration.Main.RegistrationMain" name="usertest1" time="19.098"/>
  <testcase classname="com.registration.Main.RegistrationMain" name="usertest1" time="17.644"/>
  <testcase classname="com.registration.Main.RegistrationMain" name="usertest1" time="14.964"/>
</testsuite> <!-- Default test -->
