<?xml version="1.0" encoding="UTF-8"?>
<testng-results ignored="0" total="1" passed="1" failed="0" skipped="0">
  <reporter-output>
  </reporter-output>
  <suite started-at="2022-10-08T03:29:35 IST" name="Default suite" finished-at="2022-10-08T03:29:47 IST" duration-ms="12126">
    <groups>
    </groups>
    <test started-at="2022-10-08T03:29:35 IST" name="Default test" finished-at="2022-10-08T03:29:47 IST" duration-ms="12126">
      <class name="execution.Execute">
        <test-method is-config="true" signature="beforetest()[pri:0, instance:execution.Execute@41a0aa7d]" started-at="2022-10-08T03:29:35 IST" name="beforetest" finished-at="2022-10-08T03:29:45 IST" duration-ms="10144" status="PASS">
          <reporter-output>
          </reporter-output>
        </test-method> <!-- beforetest -->
        <test-method signature="test1()[pri:0, instance:execution.Execute@41a0aa7d]" started-at="2022-10-08T03:29:45 IST" name="test1" finished-at="2022-10-08T03:29:47 IST" duration-ms="1891" status="PASS">
          <reporter-output>
          </reporter-output>
        </test-method> <!-- test1 -->
      </class> <!-- execution.Execute -->
    </test> <!-- Default test -->
  </suite> <!-- Default suite -->
</testng-results>
