<?xml version="1.0" encoding="UTF-8"?>
<testng-results ignored="0" total="3" passed="3" failed="0" skipped="0">
  <reporter-output>
  </reporter-output>
  <suite started-at="2022-10-11T18:07:43 IST" name="Default suite" finished-at="2022-10-11T18:08:08 IST" duration-ms="25422">
    <groups>
    </groups>
    <test started-at="2022-10-11T18:07:43 IST" name="Default test" finished-at="2022-10-11T18:08:08 IST" duration-ms="25422">
      <class name="execution.Execute">
        <test-method is-config="true" signature="beforetest()[pri:0, instance:execution.Execute@298a5e20]" started-at="2022-10-11T18:07:43 IST" name="beforetest" finished-at="2022-10-11T18:07:51 IST" duration-ms="8364" status="PASS">
          <reporter-output>
          </reporter-output>
        </test-method> <!-- beforetest -->
        <test-method signature="test1(java.lang.String,java.lang.String,java.lang.String,java.lang.String,java.lang.String,java.lang.String,java.lang.String,java.lang.String,java.lang.String,java.lang.String,java.lang.String,java.lang.String,java.lang.String,java.lang.String,java.lang.String)[pri:0, instance:execution.Execute@298a5e20]" started-at="2022-10-11T18:07:51 IST" name="test1" data-provider="getData" finished-at="2022-10-11T18:07:57 IST" duration-ms="5428" status="PASS">
          <params>
            <param index="0">
              <value>
                <![CDATA[Umair]]>
              </value>
            </param>
            <param index="1">
              <value>
                <![CDATA[Meraj]]>
              </value>
            </param>
            <param index="2">
              <value>
                <![CDATA[male]]>
              </value>
            </param>
            <param index="3">
              <value>
                <![CDATA[233/3]]>
              </value>
            </param>
            <param index="4">
              <value>
                <![CDATA[J.K. Colony]]>
              </value>
            </param>
            <param index="5">
              <value>
                <![CDATA[Kanpur]]>
              </value>
            </param>
            <param index="6">
              <value>
                <![CDATA[UP]]>
              </value>
            </param>
            <param index="7">
              <value>
                <![CDATA[208010]]>
              </value>
            </param>
            <param index="8">
              <value>
                <![CDATA[India]]>
              </value>
            </param>
            <param index="9">
              <value>
                <![CDATA[umair.meraj@gmail.com]]>
              </value>
            </param>
            <param index="10">
              <value>
                <![CDATA[12]]>
              </value>
            </param>
            <param index="11">
              <value>
                <![CDATA[08]]>
              </value>
            </param>
            <param index="12">
              <value>
                <![CDATA[40]]>
              </value>
            </param>
            <param index="13">
              <value>
                <![CDATA[1212121212]]>
              </value>
            </param>
            <param index="14">
              <value>
                <![CDATA[What is lombok??]]>
              </value>
            </param>
          </params>
          <reporter-output>
          </reporter-output>
        </test-method> <!-- test1 -->
        <test-method signature="test1(java.lang.String,java.lang.String,java.lang.String,java.lang.String,java.lang.String,java.lang.String,java.lang.String,java.lang.String,java.lang.String,java.lang.String,java.lang.String,java.lang.String,java.lang.String,java.lang.String,java.lang.String)[pri:0, instance:execution.Execute@298a5e20]" started-at="2022-10-11T18:07:57 IST" name="test1" data-provider="getData" finished-at="2022-10-11T18:08:02 IST" duration-ms="5869" status="PASS">
          <params>
            <param index="0">
              <value>
                <![CDATA[Riya]]>
              </value>
            </param>
            <param index="1">
              <value>
                <![CDATA[Raghuvanshi]]>
              </value>
            </param>
            <param index="2">
              <value>
                <![CDATA[female]]>
              </value>
            </param>
            <param index="3">
              <value>
                <![CDATA[120/2]]>
              </value>
            </param>
            <param index="4">
              <value>
                <![CDATA[sector 10]]>
              </value>
            </param>
            <param index="5">
              <value>
                <![CDATA[Delhi]]>
              </value>
            </param>
            <param index="6">
              <value>
                <![CDATA[Delhi]]>
              </value>
            </param>
            <param index="7">
              <value>
                <![CDATA[121333]]>
              </value>
            </param>
            <param index="8">
              <value>
                <![CDATA[India]]>
              </value>
            </param>
            <param index="9">
              <value>
                <![CDATA[riya.raghuvanshi@gmail.com]]>
              </value>
            </param>
            <param index="10">
              <value>
                <![CDATA[15]]>
              </value>
            </param>
            <param index="11">
              <value>
                <![CDATA[10]]>
              </value>
            </param>
            <param index="12">
              <value>
                <![CDATA[30]]>
              </value>
            </param>
            <param index="13">
              <value>
                <![CDATA[0283628372]]>
              </value>
            </param>
            <param index="14">
              <value>
                <![CDATA[What is Selenium??]]>
              </value>
            </param>
          </params>
          <reporter-output>
          </reporter-output>
        </test-method> <!-- test1 -->
        <test-method signature="test1(java.lang.String,java.lang.String,java.lang.String,java.lang.String,java.lang.String,java.lang.String,java.lang.String,java.lang.String,java.lang.String,java.lang.String,java.lang.String,java.lang.String,java.lang.String,java.lang.String,java.lang.String)[pri:0, instance:execution.Execute@298a5e20]" started-at="2022-10-11T18:08:02 IST" name="test1" data-provider="getData" finished-at="2022-10-11T18:08:08 IST" duration-ms="5217" status="PASS">
          <params>
            <param index="0">
              <value>
                <![CDATA[Shivam]]>
              </value>
            </param>
            <param index="1">
              <value>
                <![CDATA[Yadav]]>
              </value>
            </param>
            <param index="2">
              <value>
                <![CDATA[male]]>
              </value>
            </param>
            <param index="3">
              <value>
                <![CDATA[101]]>
              </value>
            </param>
            <param index="4">
              <value>
                <![CDATA[sector 77]]>
              </value>
            </param>
            <param index="5">
              <value>
                <![CDATA[Gaziabad]]>
              </value>
            </param>
            <param index="6">
              <value>
                <![CDATA[UP]]>
              </value>
            </param>
            <param index="7">
              <value>
                <![CDATA[123456]]>
              </value>
            </param>
            <param index="8">
              <value>
                <![CDATA[India]]>
              </value>
            </param>
            <param index="9">
              <value>
                <![CDATA[shivam.yadav@gmail.com]]>
              </value>
            </param>
            <param index="10">
              <value>
                <![CDATA[25]]>
              </value>
            </param>
            <param index="11">
              <value>
                <![CDATA[11]]>
              </value>
            </param>
            <param index="12">
              <value>
                <![CDATA[10]]>
              </value>
            </param>
            <param index="13">
              <value>
                <![CDATA[9876543210]]>
              </value>
            </param>
            <param index="14">
              <value>
                <![CDATA[What is Java??]]>
              </value>
            </param>
          </params>
          <reporter-output>
          </reporter-output>
        </test-method> <!-- test1 -->
        <test-method is-config="true" signature="aftertest()[pri:0, instance:execution.Execute@298a5e20]" started-at="2022-10-11T18:08:08 IST" name="aftertest" finished-at="2022-10-11T18:08:08 IST" duration-ms="495" status="PASS">
          <reporter-output>
          </reporter-output>
        </test-method> <!-- aftertest -->
      </class> <!-- execution.Execute -->
    </test> <!-- Default test -->
  </suite> <!-- Default suite -->
</testng-results>
